{"/Users/maximepierre/Documents/GitHub/tp5-2058805_2113031/server/services/database.service.js": {"path":"/Users/maximepierre/Documents/GitHub/tp5-2058805_2113031/server/services/database.service.js","statementMap":{"0":{"start":{"line":1,"column":24},"end":{"line":1,"column":42}},"1":{"start":{"line":2,"column":18},"end":{"line":2,"column":41}},"2":{"start":{"line":11,"column":4},"end":{"line":11,"column":43}},"3":{"start":{"line":12,"column":23},"end":{"line":12,"column":57}},"4":{"start":{"line":13,"column":18},"end":{"line":13,"column":51}},"5":{"start":{"line":14,"column":4},"end":{"line":16,"column":5}},"6":{"start":{"line":15,"column":6},"end":{"line":15,"column":40}},"7":{"start":{"line":22,"column":4},"end":{"line":34,"column":5}},"8":{"start":{"line":23,"column":6},"end":{"line":26,"column":9}},"9":{"start":{"line":27,"column":6},"end":{"line":27,"column":34}},"10":{"start":{"line":28,"column":6},"end":{"line":28,"column":48}},"11":{"start":{"line":30,"column":6},"end":{"line":30,"column":56}},"12":{"start":{"line":33,"column":6},"end":{"line":33,"column":25}},"13":{"start":{"line":38,"column":18},"end":{"line":38,"column":39}},"14":{"start":{"line":40,"column":0},"end":{"line":40,"column":31}}},"fnMap":{"0":{"name":"(anonymous_0)","decl":{"start":{"line":10,"column":2},"end":{"line":10,"column":3}},"loc":{"start":{"line":10,"column":42},"end":{"line":18,"column":3}},"line":10},"1":{"name":"(anonymous_1)","decl":{"start":{"line":21,"column":2},"end":{"line":21,"column":3}},"loc":{"start":{"line":21,"column":30},"end":{"line":35,"column":3}},"line":21}},"branchMap":{"0":{"loc":{"start":{"line":14,"column":4},"end":{"line":16,"column":5}},"type":"if","locations":[{"start":{"line":14,"column":4},"end":{"line":16,"column":5}},{"start":{},"end":{}}],"line":14}},"s":{"0":4,"1":4,"2":2,"3":2,"4":2,"5":2,"6":1,"7":32,"8":32,"9":31,"10":29,"11":29,"12":1,"13":4,"14":4},"f":{"0":2,"1":32},"b":{"0":[1,1]},"_coverageSchema":"1a1c01bbd47fc00a2c39e90264f33305004495a9","hash":"e12a2bd8667b2de23444d428425aa40a45b7a20f"}
,"/Users/maximepierre/Documents/GitHub/tp5-2058805_2113031/server/services/file_system_manager.js": {"path":"/Users/maximepierre/Documents/GitHub/tp5-2058805_2113031/server/services/file_system_manager.js","statementMap":{"0":{"start":{"line":1,"column":11},"end":{"line":1,"column":24}},"1":{"start":{"line":10,"column":4},"end":{"line":10,"column":44}},"2":{"start":{"line":14,"column":0},"end":{"line":14,"column":39}}},"fnMap":{"0":{"name":"(anonymous_0)","decl":{"start":{"line":9,"column":2},"end":{"line":9,"column":3}},"loc":{"start":{"line":9,"column":24},"end":{"line":11,"column":3}},"line":9}},"branchMap":{},"s":{"0":3,"1":2,"2":3},"f":{"0":2},"b":{},"_coverageSchema":"1a1c01bbd47fc00a2c39e90264f33305004495a9","hash":"1e1d25f927fd85f6852c71f6db593cda015f0f1d"}
,"/Users/maximepierre/Documents/GitHub/tp5-2058805_2113031/server/services/playlist.service.js": {"path":"/Users/maximepierre/Documents/GitHub/tp5-2058805_2113031/server/services/playlist.service.js","statementMap":{"0":{"start":{"line":1,"column":30},"end":{"line":1,"column":62}},"1":{"start":{"line":2,"column":22},"end":{"line":2,"column":51}},"2":{"start":{"line":3,"column":18},"end":{"line":3,"column":41}},"3":{"start":{"line":4,"column":13},"end":{"line":4,"column":28}},"4":{"start":{"line":5,"column":23},"end":{"line":5,"column":40}},"5":{"start":{"line":6,"column":11},"end":{"line":6,"column":24}},"6":{"start":{"line":10,"column":4},"end":{"line":10,"column":72}},"7":{"start":{"line":11,"column":4},"end":{"line":11,"column":53}},"8":{"start":{"line":12,"column":4},"end":{"line":12,"column":31}},"9":{"start":{"line":16,"column":4},"end":{"line":16,"column":75}},"10":{"start":{"line":25,"column":22},"end":{"line":25,"column":62}},"11":{"start":{"line":26,"column":4},"end":{"line":26,"column":21}},"12":{"start":{"line":36,"column":16},"end":{"line":36,"column":53}},"13":{"start":{"line":37,"column":4},"end":{"line":37,"column":17}},"14":{"start":{"line":47,"column":4},"end":{"line":47,"column":31}},"15":{"start":{"line":48,"column":4},"end":{"line":48,"column":40}},"16":{"start":{"line":49,"column":4},"end":{"line":49,"column":47}},"17":{"start":{"line":50,"column":4},"end":{"line":50,"column":20}},"18":{"start":{"line":59,"column":4},"end":{"line":59,"column":24}},"19":{"start":{"line":60,"column":4},"end":{"line":60,"column":47}},"20":{"start":{"line":61,"column":4},"end":{"line":61,"column":77}},"21":{"start":{"line":70,"column":4},"end":{"line":80,"column":5}},"22":{"start":{"line":71,"column":6},"end":{"line":71,"column":20}},"23":{"start":{"line":72,"column":11},"end":{"line":80,"column":5}},"24":{"start":{"line":73,"column":6},"end":{"line":73,"column":19}},"25":{"start":{"line":74,"column":11},"end":{"line":80,"column":5}},"26":{"start":{"line":75,"column":6},"end":{"line":75,"column":19}},"27":{"start":{"line":76,"column":11},"end":{"line":80,"column":5}},"28":{"start":{"line":77,"column":6},"end":{"line":77,"column":19}},"29":{"start":{"line":79,"column":6},"end":{"line":79,"column":46}},"30":{"start":{"line":88,"column":16},"end":{"line":88,"column":62}},"31":{"start":{"line":89,"column":4},"end":{"line":92,"column":5}},"32":{"start":{"line":90,"column":20},"end":{"line":90,"column":39}},"33":{"start":{"line":91,"column":6},"end":{"line":91,"column":48}},"34":{"start":{"line":93,"column":4},"end":{"line":93,"column":30}},"35":{"start":{"line":102,"column":4},"end":{"line":102,"column":40}},"36":{"start":{"line":110,"column":23},"end":{"line":110,"column":74}},"37":{"start":{"line":111,"column":26},"end":{"line":111,"column":92}},"38":{"start":{"line":112,"column":30},"end":{"line":112,"column":71}},"39":{"start":{"line":113,"column":21},"end":{"line":113,"column":91}},"40":{"start":{"line":114,"column":4},"end":{"line":114,"column":81}},"41":{"start":{"line":115,"column":4},"end":{"line":115,"column":43}},"42":{"start":{"line":129,"column":19},"end":{"line":129,"column":70}},"43":{"start":{"line":130,"column":22},"end":{"line":130,"column":66}},"44":{"start":{"line":132,"column":4},"end":{"line":137,"column":5}},"45":{"start":{"line":133,"column":6},"end":{"line":133,"column":77}},"46":{"start":{"line":133,"column":42},"end":{"line":133,"column":75}},"47":{"start":{"line":136,"column":6},"end":{"line":136,"column":105}},"48":{"start":{"line":136,"column":42},"end":{"line":136,"column":103}},"49":{"start":{"line":142,"column":22},"end":{"line":142,"column":97}},"50":{"start":{"line":143,"column":4},"end":{"line":143,"column":82}},"51":{"start":{"line":146,"column":0},"end":{"line":146,"column":37}}},"fnMap":{"0":{"name":"(anonymous_0)","decl":{"start":{"line":9,"column":2},"end":{"line":9,"column":3}},"loc":{"start":{"line":9,"column":17},"end":{"line":13,"column":3}},"line":9},"1":{"name":"(anonymous_1)","decl":{"start":{"line":15,"column":2},"end":{"line":15,"column":3}},"loc":{"start":{"line":15,"column":20},"end":{"line":17,"column":3}},"line":15},"2":{"name":"(anonymous_2)","decl":{"start":{"line":24,"column":2},"end":{"line":24,"column":3}},"loc":{"start":{"line":24,"column":27},"end":{"line":27,"column":3}},"line":24},"3":{"name":"(anonymous_3)","decl":{"start":{"line":35,"column":2},"end":{"line":35,"column":3}},"loc":{"start":{"line":35,"column":29},"end":{"line":38,"column":3}},"line":35},"4":{"name":"(anonymous_4)","decl":{"start":{"line":46,"column":2},"end":{"line":46,"column":3}},"loc":{"start":{"line":46,"column":31},"end":{"line":51,"column":3}},"line":46},"5":{"name":"(anonymous_5)","decl":{"start":{"line":58,"column":2},"end":{"line":58,"column":3}},"loc":{"start":{"line":58,"column":34},"end":{"line":62,"column":3}},"line":58},"6":{"name":"(anonymous_6)","decl":{"start":{"line":69,"column":2},"end":{"line":69,"column":3}},"loc":{"start":{"line":69,"column":39},"end":{"line":81,"column":3}},"line":69},"7":{"name":"(anonymous_7)","decl":{"start":{"line":87,"column":2},"end":{"line":87,"column":3}},"loc":{"start":{"line":87,"column":28},"end":{"line":94,"column":3}},"line":87},"8":{"name":"(anonymous_8)","decl":{"start":{"line":101,"column":2},"end":{"line":101,"column":3}},"loc":{"start":{"line":101,"column":43},"end":{"line":103,"column":3}},"line":101},"9":{"name":"(anonymous_9)","decl":{"start":{"line":109,"column":2},"end":{"line":109,"column":3}},"loc":{"start":{"line":109,"column":41},"end":{"line":116,"column":3}},"line":109},"10":{"name":"(anonymous_10)","decl":{"start":{"line":128,"column":2},"end":{"line":128,"column":3}},"loc":{"start":{"line":128,"column":34},"end":{"line":139,"column":3}},"line":128},"11":{"name":"(anonymous_11)","decl":{"start":{"line":133,"column":30},"end":{"line":133,"column":31}},"loc":{"start":{"line":133,"column":42},"end":{"line":133,"column":75}},"line":133},"12":{"name":"(anonymous_12)","decl":{"start":{"line":136,"column":30},"end":{"line":136,"column":31}},"loc":{"start":{"line":136,"column":42},"end":{"line":136,"column":103}},"line":136},"13":{"name":"(anonymous_13)","decl":{"start":{"line":141,"column":2},"end":{"line":141,"column":3}},"loc":{"start":{"line":141,"column":22},"end":{"line":144,"column":3}},"line":141}},"branchMap":{"0":{"loc":{"start":{"line":70,"column":4},"end":{"line":80,"column":5}},"type":"if","locations":[{"start":{"line":70,"column":4},"end":{"line":80,"column":5}},{"start":{"line":72,"column":11},"end":{"line":80,"column":5}}],"line":70},"1":{"loc":{"start":{"line":72,"column":11},"end":{"line":80,"column":5}},"type":"if","locations":[{"start":{"line":72,"column":11},"end":{"line":80,"column":5}},{"start":{"line":74,"column":11},"end":{"line":80,"column":5}}],"line":72},"2":{"loc":{"start":{"line":74,"column":11},"end":{"line":80,"column":5}},"type":"if","locations":[{"start":{"line":74,"column":11},"end":{"line":80,"column":5}},{"start":{"line":76,"column":11},"end":{"line":80,"column":5}}],"line":74},"3":{"loc":{"start":{"line":76,"column":11},"end":{"line":80,"column":5}},"type":"if","locations":[{"start":{"line":76,"column":11},"end":{"line":80,"column":5}},{"start":{"line":78,"column":11},"end":{"line":80,"column":5}}],"line":76},"4":{"loc":{"start":{"line":89,"column":4},"end":{"line":92,"column":5}},"type":"if","locations":[{"start":{"line":89,"column":4},"end":{"line":92,"column":5}},{"start":{},"end":{}}],"line":89},"5":{"loc":{"start":{"line":132,"column":4},"end":{"line":137,"column":5}},"type":"if","locations":[{"start":{"line":132,"column":4},"end":{"line":137,"column":5}},{"start":{"line":135,"column":9},"end":{"line":137,"column":5}}],"line":132}},"s":{"0":2,"1":2,"2":2,"3":2,"4":2,"5":2,"6":20,"7":20,"8":20,"9":14,"10":4,"11":4,"12":3,"13":3,"14":1,"15":1,"16":1,"17":1,"18":1,"19":1,"20":1,"21":5,"22":1,"23":4,"24":1,"25":3,"26":1,"27":2,"28":1,"29":1,"30":2,"31":2,"32":1,"33":1,"34":2,"35":1,"36":1,"37":1,"38":1,"39":1,"40":1,"41":1,"42":3,"43":3,"44":3,"45":2,"46":2,"47":1,"48":1,"49":1,"50":1,"51":2},"f":{"0":20,"1":14,"2":4,"3":3,"4":1,"5":1,"6":5,"7":2,"8":1,"9":1,"10":3,"11":2,"12":1,"13":1},"b":{"0":[1,4],"1":[1,3],"2":[1,2],"3":[1,1],"4":[1,1],"5":[2,1]},"_coverageSchema":"1a1c01bbd47fc00a2c39e90264f33305004495a9","hash":"8be2e4f9fd519cd6067b183dca39137635ff8f01"}
,"/Users/maximepierre/Documents/GitHub/tp5-2058805_2113031/server/services/search_bar.service.js": {"path":"/Users/maximepierre/Documents/GitHub/tp5-2058805_2113031/server/services/search_bar.service.js","statementMap":{"0":{"start":{"line":3,"column":4},"end":{"line":3,"column":37}},"1":{"start":{"line":4,"column":4},"end":{"line":4,"column":43}},"2":{"start":{"line":8,"column":18},"end":{"line":8,"column":73}},"3":{"start":{"line":9,"column":22},"end":{"line":9,"column":80}},"4":{"start":{"line":10,"column":4},"end":{"line":10,"column":32}},"5":{"start":{"line":14,"column":0},"end":{"line":14,"column":38}}},"fnMap":{"0":{"name":"(anonymous_0)","decl":{"start":{"line":2,"column":2},"end":{"line":2,"column":3}},"loc":{"start":{"line":2,"column":46},"end":{"line":5,"column":3}},"line":2},"1":{"name":"(anonymous_1)","decl":{"start":{"line":7,"column":2},"end":{"line":7,"column":3}},"loc":{"start":{"line":7,"column":41},"end":{"line":11,"column":3}},"line":7}},"branchMap":{},"s":{"0":2,"1":2,"2":2,"3":2,"4":2,"5":1},"f":{"0":2,"1":2},"b":{},"_coverageSchema":"1a1c01bbd47fc00a2c39e90264f33305004495a9","hash":"124629541466e2f9a06d71db606283ae2dbcdc69"}
,"/Users/maximepierre/Documents/GitHub/tp5-2058805_2113031/server/services/songs.service.js": {"path":"/Users/maximepierre/Documents/GitHub/tp5-2058805_2113031/server/services/songs.service.js","statementMap":{"0":{"start":{"line":1,"column":30},"end":{"line":1,"column":62}},"1":{"start":{"line":2,"column":22},"end":{"line":2,"column":51}},"2":{"start":{"line":3,"column":18},"end":{"line":3,"column":41}},"3":{"start":{"line":5,"column":13},"end":{"line":5,"column":28}},"4":{"start":{"line":9,"column":4},"end":{"line":9,"column":68}},"5":{"start":{"line":10,"column":4},"end":{"line":10,"column":53}},"6":{"start":{"line":11,"column":4},"end":{"line":11,"column":31}},"7":{"start":{"line":15,"column":4},"end":{"line":15,"column":71}},"8":{"start":{"line":25,"column":4},"end":{"line":25,"column":14}},"9":{"start":{"line":36,"column":4},"end":{"line":36,"column":22}},"10":{"start":{"line":47,"column":4},"end":{"line":47,"column":17}},"11":{"start":{"line":61,"column":19},"end":{"line":61,"column":70}},"12":{"start":{"line":62,"column":18},"end":{"line":62,"column":62}},"13":{"start":{"line":63,"column":4},"end":{"line":63,"column":17}},"14":{"start":{"line":67,"column":18},"end":{"line":67,"column":89}},"15":{"start":{"line":68,"column":4},"end":{"line":68,"column":74}},"16":{"start":{"line":72,"column":0},"end":{"line":72,"column":33}}},"fnMap":{"0":{"name":"(anonymous_0)","decl":{"start":{"line":8,"column":2},"end":{"line":8,"column":3}},"loc":{"start":{"line":8,"column":17},"end":{"line":12,"column":3}},"line":8},"1":{"name":"(anonymous_1)","decl":{"start":{"line":14,"column":2},"end":{"line":14,"column":3}},"loc":{"start":{"line":14,"column":20},"end":{"line":16,"column":3}},"line":14},"2":{"name":"(anonymous_2)","decl":{"start":{"line":24,"column":2},"end":{"line":24,"column":3}},"loc":{"start":{"line":24,"column":23},"end":{"line":26,"column":3}},"line":24},"3":{"name":"(anonymous_3)","decl":{"start":{"line":35,"column":2},"end":{"line":35,"column":3}},"loc":{"start":{"line":35,"column":25},"end":{"line":37,"column":3}},"line":35},"4":{"name":"(anonymous_4)","decl":{"start":{"line":46,"column":2},"end":{"line":46,"column":3}},"loc":{"start":{"line":46,"column":28},"end":{"line":48,"column":3}},"line":46},"5":{"name":"(anonymous_5)","decl":{"start":{"line":60,"column":2},"end":{"line":60,"column":3}},"loc":{"start":{"line":60,"column":34},"end":{"line":64,"column":3}},"line":60},"6":{"name":"(anonymous_6)","decl":{"start":{"line":66,"column":2},"end":{"line":66,"column":3}},"loc":{"start":{"line":66,"column":22},"end":{"line":69,"column":3}},"line":66}},"branchMap":{},"s":{"0":2,"1":2,"2":2,"3":2,"4":10,"5":10,"6":10,"7":3,"8":1,"9":4,"10":3,"11":3,"12":3,"13":3,"14":1,"15":1,"16":2},"f":{"0":10,"1":3,"2":1,"3":4,"4":3,"5":3,"6":1},"b":{},"_coverageSchema":"1a1c01bbd47fc00a2c39e90264f33305004495a9","hash":"92a09ad1a7add314b28fa7519a9946a42f5522a2"}
}
