TN:
SF:services/database.service.js
FN:10,(anonymous_0)
FN:21,(anonymous_1)
FNF:2
FNH:2
FNDA:2,(anonymous_0)
FNDA:32,(anonymous_1)
DA:1,4
DA:2,4
DA:11,2
DA:12,2
DA:13,2
DA:14,2
DA:15,1
DA:22,32
DA:23,32
DA:27,31
DA:28,29
DA:30,29
DA:33,1
DA:38,4
DA:40,4
LF:15
LH:15
BRDA:14,0,0,1
BRDA:14,0,1,1
BRF:2
BRH:2
end_of_record
TN:
SF:services/file_system_manager.js
FN:9,(anonymous_0)
FNF:1
FNH:1
FNDA:2,(anonymous_0)
DA:1,3
DA:10,2
DA:14,3
LF:3
LH:3
BRF:0
BRH:0
end_of_record
TN:
SF:services/playlist.service.js
FN:9,(anonymous_0)
FN:15,(anonymous_1)
FN:24,(anonymous_2)
FN:35,(anonymous_3)
FN:46,(anonymous_4)
FN:58,(anonymous_5)
FN:69,(anonymous_6)
FN:87,(anonymous_7)
FN:101,(anonymous_8)
FN:109,(anonymous_9)
FN:128,(anonymous_10)
FN:133,(anonymous_11)
FN:136,(anonymous_12)
FN:141,(anonymous_13)
FNF:14
FNH:14
FNDA:20,(anonymous_0)
FNDA:14,(anonymous_1)
FNDA:4,(anonymous_2)
FNDA:3,(anonymous_3)
FNDA:1,(anonymous_4)
FNDA:1,(anonymous_5)
FNDA:5,(anonymous_6)
FNDA:2,(anonymous_7)
FNDA:1,(anonymous_8)
FNDA:1,(anonymous_9)
FNDA:3,(anonymous_10)
FNDA:2,(anonymous_11)
FNDA:1,(anonymous_12)
FNDA:1,(anonymous_13)
DA:1,2
DA:2,2
DA:3,2
DA:4,2
DA:5,2
DA:6,2
DA:10,20
DA:11,20
DA:12,20
DA:16,14
DA:25,4
DA:26,4
DA:36,3
DA:37,3
DA:47,1
DA:48,1
DA:49,1
DA:50,1
DA:59,1
DA:60,1
DA:61,1
DA:70,5
DA:71,1
DA:72,4
DA:73,1
DA:74,3
DA:75,1
DA:76,2
DA:77,1
DA:79,1
DA:88,2
DA:89,2
DA:90,1
DA:91,1
DA:93,2
DA:102,1
DA:110,1
DA:111,1
DA:112,1
DA:113,1
DA:114,1
DA:115,1
DA:129,3
DA:130,3
DA:132,3
DA:133,2
DA:136,1
DA:142,1
DA:143,1
DA:146,2
LF:50
LH:50
BRDA:70,0,0,1
BRDA:70,0,1,4
BRDA:72,1,0,1
BRDA:72,1,1,3
BRDA:74,2,0,1
BRDA:74,2,1,2
BRDA:76,3,0,1
BRDA:76,3,1,1
BRDA:89,4,0,1
BRDA:89,4,1,1
BRDA:132,5,0,2
BRDA:132,5,1,1
BRF:12
BRH:12
end_of_record
TN:
SF:services/search_bar.service.js
FN:2,(anonymous_0)
FN:7,(anonymous_1)
FNF:2
FNH:2
FNDA:2,(anonymous_0)
FNDA:2,(anonymous_1)
DA:3,2
DA:4,2
DA:8,2
DA:9,2
DA:10,2
DA:14,1
LF:6
LH:6
BRF:0
BRH:0
end_of_record
TN:
SF:services/songs.service.js
FN:8,(anonymous_0)
FN:14,(anonymous_1)
FN:24,(anonymous_2)
FN:35,(anonymous_3)
FN:46,(anonymous_4)
FN:60,(anonymous_5)
FN:66,(anonymous_6)
FNF:7
FNH:7
FNDA:10,(anonymous_0)
FNDA:3,(anonymous_1)
FNDA:1,(anonymous_2)
FNDA:4,(anonymous_3)
FNDA:3,(anonymous_4)
FNDA:3,(anonymous_5)
FNDA:1,(anonymous_6)
DA:1,2
DA:2,2
DA:3,2
DA:5,2
DA:9,10
DA:10,10
DA:11,10
DA:15,3
DA:25,1
DA:36,4
DA:47,3
DA:61,3
DA:62,3
DA:63,3
DA:67,1
DA:68,1
DA:72,2
LF:17
LH:17
BRF:0
BRH:0
end_of_record
